-------------------------------------------------------------------------------
Test set: com.EMS.EmployeeManagementSystemApplicationTests
-------------------------------------------------------------------------------
Tests run: 1, Failures: 0, Errors: 1, Skipped: 0, Time elapsed: 9.619 s <<< FAILURE! - in com.EMS.EmployeeManagementSystemApplicationTests
contextLoads  Time elapsed: 0.023 s  <<< ERROR!
java.lang.IllegalStateException: Failed to load ApplicationContext
Caused by: org.springframework.beans.factory.UnsatisfiedDependencyException: Error creating bean with name 'issueController': Unsatisfied dependency expressed through field 'issueService'; nested exception is org.springframework.beans.factory.UnsatisfiedDependencyException: Error creating bean with name 'issueServiceImpl': Unsatisfied dependency expressed through field 'issueDAO'; nested exception is org.springframework.beans.factory.BeanCreationException: Error creating bean with name 'issueDAO' defined in com.EMS.Dao.IssueDAO defined in @EnableJpaRepositories declared on JpaRepositoriesRegistrar.EnableJpaRepositoriesConfiguration: Invocation of init method failed; nested exception is org.springframework.data.repository.query.QueryCreationException: Could not create query for public abstract java.util.List com.EMS.Dao.IssueDAO.findbyEmployee(com.EMS.beans.Employee); Reason: Failed to create query for method public abstract java.util.List com.EMS.Dao.IssueDAO.findbyEmployee(com.EMS.beans.Employee)! No property 'findbyEmployee' found for type 'EmployeeIssue'; nested exception is java.lang.IllegalArgumentException: Failed to create query for method public abstract java.util.List com.EMS.Dao.IssueDAO.findbyEmployee(com.EMS.beans.Employee)! No property 'findbyEmployee' found for type 'EmployeeIssue'
Caused by: org.springframework.beans.factory.UnsatisfiedDependencyException: Error creating bean with name 'issueServiceImpl': Unsatisfied dependency expressed through field 'issueDAO'; nested exception is org.springframework.beans.factory.BeanCreationException: Error creating bean with name 'issueDAO' defined in com.EMS.Dao.IssueDAO defined in @EnableJpaRepositories declared on JpaRepositoriesRegistrar.EnableJpaRepositoriesConfiguration: Invocation of init method failed; nested exception is org.springframework.data.repository.query.QueryCreationException: Could not create query for public abstract java.util.List com.EMS.Dao.IssueDAO.findbyEmployee(com.EMS.beans.Employee); Reason: Failed to create query for method public abstract java.util.List com.EMS.Dao.IssueDAO.findbyEmployee(com.EMS.beans.Employee)! No property 'findbyEmployee' found for type 'EmployeeIssue'; nested exception is java.lang.IllegalArgumentException: Failed to create query for method public abstract java.util.List com.EMS.Dao.IssueDAO.findbyEmployee(com.EMS.beans.Employee)! No property 'findbyEmployee' found for type 'EmployeeIssue'
Caused by: org.springframework.beans.factory.BeanCreationException: Error creating bean with name 'issueDAO' defined in com.EMS.Dao.IssueDAO defined in @EnableJpaRepositories declared on JpaRepositoriesRegistrar.EnableJpaRepositoriesConfiguration: Invocation of init method failed; nested exception is org.springframework.data.repository.query.QueryCreationException: Could not create query for public abstract java.util.List com.EMS.Dao.IssueDAO.findbyEmployee(com.EMS.beans.Employee); Reason: Failed to create query for method public abstract java.util.List com.EMS.Dao.IssueDAO.findbyEmployee(com.EMS.beans.Employee)! No property 'findbyEmployee' found for type 'EmployeeIssue'; nested exception is java.lang.IllegalArgumentException: Failed to create query for method public abstract java.util.List com.EMS.Dao.IssueDAO.findbyEmployee(com.EMS.beans.Employee)! No property 'findbyEmployee' found for type 'EmployeeIssue'
Caused by: org.springframework.data.repository.query.QueryCreationException: Could not create query for public abstract java.util.List com.EMS.Dao.IssueDAO.findbyEmployee(com.EMS.beans.Employee); Reason: Failed to create query for method public abstract java.util.List com.EMS.Dao.IssueDAO.findbyEmployee(com.EMS.beans.Employee)! No property 'findbyEmployee' found for type 'EmployeeIssue'; nested exception is java.lang.IllegalArgumentException: Failed to create query for method public abstract java.util.List com.EMS.Dao.IssueDAO.findbyEmployee(com.EMS.beans.Employee)! No property 'findbyEmployee' found for type 'EmployeeIssue'
Caused by: java.lang.IllegalArgumentException: Failed to create query for method public abstract java.util.List com.EMS.Dao.IssueDAO.findbyEmployee(com.EMS.beans.Employee)! No property 'findbyEmployee' found for type 'EmployeeIssue'
Caused by: org.springframework.data.mapping.PropertyReferenceException: No property 'findbyEmployee' found for type 'EmployeeIssue'

